<?xml version="1.0" encoding="UTF-8"?>
<!-- Generated by org.testng.reporters.JUnitReportReporter -->
<testsuite hostname="DESKTOP-MMP14QM" failures="0" tests="2" name="Udemyacademy.Resources.MyClass" time="0.013" errors="0" timestamp="2024-08-21T21:22:32 IST" skipped="0">
  <testcase classname="Udemyacademy.Resources.MyClass" name="myTestMethod" time="0.010"/>
  <testcase classname="Udemyacademy.Resources.MyClass" name="myTestMethod" time="0.003"/>
</testsuite> <!-- Udemyacademy.Resources.MyClass -->
