<?xml version="1.0" encoding="UTF-8"?>
<!-- Generated by org.testng.reporters.JUnitReportReporter -->
<testsuite hostname="DESKTOP-MMP14QM" failures="0" tests="2" name="Udemyacademy.PageObjects.SubmitOrderTest" time="57.383" errors="0" timestamp="2024-09-08T12:50:44 IST" skipped="0">
  <testcase classname="Udemyacademy.PageObjects.SubmitOrderTest" name="submit" time="29.930"/>
  <testcase classname="Udemyacademy.PageObjects.SubmitOrderTest" name="submit" time="27.453"/>
</testsuite> <!-- Udemyacademy.PageObjects.SubmitOrderTest -->
